<?xml version="1.0" encoding="UTF-8"?>
<testng-results ignored="0" total="1" passed="1" failed="0" skipped="0">
  <reporter-output>
  </reporter-output>
  <suite started-at="2022-04-08T08:46:59 IST" name="Default suite" finished-at="2022-04-08T08:47:02 IST" duration-ms="3641">
    <groups>
    </groups>
    <test started-at="2022-04-08T08:46:59 IST" name="Default test" finished-at="2022-04-08T08:47:02 IST" duration-ms="3641">
      <class name="com.projectbanking.testclass.LoginTest_001">
        <test-method is-config="true" signature="setup()[pri:0, instance:com.projectbanking.testclass.LoginTest_001@51c668e3]" started-at="2022-04-08T08:46:59 IST" name="setup" finished-at="2022-04-08T08:47:00 IST" duration-ms="1734" status="PASS">
          <reporter-output>
          </reporter-output>
        </test-method> <!-- setup -->
        <test-method signature="loginTest()[pri:0, instance:com.projectbanking.testclass.LoginTest_001@51c668e3]" started-at="2022-04-08T08:47:00 IST" name="loginTest" finished-at="2022-04-08T08:47:02 IST" duration-ms="1702" status="PASS">
          <reporter-output>
          </reporter-output>
        </test-method> <!-- loginTest -->
        <test-method is-config="true" signature="closebrowser()[pri:0, instance:com.projectbanking.testclass.LoginTest_001@51c668e3]" started-at="2022-04-08T08:47:02 IST" name="closebrowser" finished-at="2022-04-08T08:47:02 IST" duration-ms="172" status="PASS">
          <reporter-output>
          </reporter-output>
        </test-method> <!-- closebrowser -->
      </class> <!-- com.projectbanking.testclass.LoginTest_001 -->
    </test> <!-- Default test -->
  </suite> <!-- Default suite -->
</testng-results>
